#
# A fatal error has been detected by the Java Runtime Environment:
#
#  EXCEPTION_ACCESS_VIOLATION (0xc0000005) at pc=0x0000000053a5f50b, pid=16936, tid=0x0000000000001f24
#
# JRE version: OpenJDK Runtime Environment (8.0_202-b03) (build 1.8.0_202-release-1483-b03)
# Java VM: OpenJDK 64-Bit Server VM (25.202-b03 mixed mode windows-amd64 compressed oops)
# Problematic frame:
# V  [jvm.dll+0xef50b]
#
# Failed to write core dump. Minidumps are not enabled by default on client versions of Windows
#
# If you would like to submit a bug report, please visit:
#   http://bugreport.java.com/bugreport/crash.jsp
#

---------------  T H R E A D  ---------------

Current thread (0x00000000031de000):  GCTaskThread [stack: 0x0000000012f90000,0x0000000013090000] [id=7972]

siginfo: ExceptionCode=0xc0000005, reading address 0x0000000000000008

Registers:
RAX=0x0000000013390000, RBX=0x00000000ed853248, RCX=0x0000000000000003, RDX=0x0000000000000001
RSP=0x000000001308f8c0, RBP=0x00000000ed9ee5e4, RSI=0x000000001d4fc500, RDI=0x00000000032b46b0
R8 =0x0000000000000000, R9 =0x000000010035ce90, R10=0x000000000000000c, R11=0x0000000053f3ade8
R12=0x00000000ed9ee5ec, R13=0x000000010035d088, R14=0x000000010035d090, R15=0x00000000ed9ee5d0
RIP=0x0000000053a5f50b, EFLAGS=0x0000000000010246

Top of Stack: (sp=0x000000001308f8c0)
0x000000001308f8c0:   000000010035ce90 00000000031d2970
0x000000001308f8d0:   00000000031de820 00000000031de810
0x000000001308f8e0:   00000000031de820 00000000031de810
0x000000001308f8f0:   00000000031d2970 0000000000000004
0x000000001308f900:   00000000032b46b0 0000000053d33917
0x000000001308f910:   000001ac00000a6c 0000000000000000
0x000000001308f920:   000000001d4fc500 0000000053f87ba8
0x000000001308f930:   00000000ed586600 0000000000000200
0x000000001308f940:   000000001d4fc500 0000000053d30d9e
0x000000001308f950:   000000005bfd4126 00000000031de000
0x000000001308f960:   0000000000000000 00000000ed9ee5d0
0x000000001308f970:   00000000031de000 00000000031d3470
0x000000001308f980:   00000000031dec00 00000000031dec10
0x000000001308f990:   00000000031dece8 00000000000000d8
0x000000001308f9a0:   000000001308f9a8 00000000031de000
0x000000001308f9b0:   00000000031d3470 00000000031dec00 

Instructions: (pc=0x0000000053a5f50b)
0x0000000053a5f4eb:   6d 00 84 d2 74 16 44 8b 43 08 8b 0d 1d 12 67 00
0x0000000053a5f4fb:   49 d3 e0 4c 03 05 0b 12 67 00 eb 04 4c 8b 43 08
0x0000000053a5f50b:   45 8b 48 08 45 85 c9 7e 0c 41 f6 c1 01 75 4b 41
0x0000000053a5f51b:   c1 f9 03 eb 57 79 43 84 d2 41 8b c9 b8 10 00 00 


Register to memory mapping:

RAX=0x0000000013390000 is an unknown value
RBX=0x00000000ed853248 is an unknown value
RCX=0x0000000000000003 is an unknown value
RDX=0x0000000000000001 is an unknown value
RSP=0x000000001308f8c0 is an unknown value
RBP=0x00000000ed9ee5e4 is an unknown value
RSI=0x000000001d4fc500 is an unknown value
RDI=0x00000000032b46b0 is an unknown value
R8 =0x0000000000000000 is an unknown value
R9 =0x000000010035ce90 is pointing into metadata
R10=0x000000000000000c is an unknown value
R11=0x0000000053f3ade8 is an unknown value
R12=0x00000000ed9ee5ec is an unknown value
R13=0x000000010035d088 is pointing into metadata
R14=0x000000010035d090 is pointing into metadata
R15=0x00000000ed9ee5d0 is an oop
org.codehaus.groovy.util.SingleKeyHashMap$Entry 
 - klass: 'org/codehaus/groovy/util/SingleKeyHashMap$Entry'


Stack: [0x0000000012f90000,0x0000000013090000],  sp=0x000000001308f8c0,  free space=1022k
Native frames: (J=compiled Java code, j=interpreted, Vv=VM code, C=native code)
V  [jvm.dll+0xef50b]
V  [jvm.dll+0x3c3917]
V  [jvm.dll+0x3c0d9e]
V  [jvm.dll+0x26f5ba]
C  [msvcr100.dll+0x21d9f]
C  [msvcr100.dll+0x21e3b]
C  [KERNEL32.DLL+0x17bd4]
C  [ntdll.dll+0x6ced1]


---------------  P R O C E S S  ---------------

Java Threads: ( => current thread )
  0x000000002139b800 JavaThread "Build operations Thread 8" [_thread_blocked, id=5752, stack(0x0000000023960000,0x0000000023a60000)]
  0x00000000213a0800 JavaThread "Build operations Thread 7" [_thread_blocked, id=1628, stack(0x0000000023860000,0x0000000023960000)]
  0x000000002139e800 JavaThread "Build operations Thread 6" [_thread_blocked, id=13304, stack(0x0000000023760000,0x0000000023860000)]
  0x00000000213a2000 JavaThread "Build operations Thread 5" [_thread_blocked, id=15572, stack(0x0000000023660000,0x0000000023760000)]
  0x00000000213a1800 JavaThread "Build operations Thread 4" [_thread_blocked, id=12500, stack(0x0000000023560000,0x0000000023660000)]
  0x00000000213a0000 JavaThread "Build operations Thread 3" [_thread_blocked, id=16524, stack(0x0000000022240000,0x0000000022340000)]
  0x000000002139a800 JavaThread "Build operations Thread 2" [_thread_blocked, id=14824, stack(0x0000000022140000,0x0000000022240000)]
  0x0000000021399000 JavaThread "Build operations" [_thread_blocked, id=17084, stack(0x0000000022040000,0x0000000022140000)]
  0x000000002139a000 JavaThread "Cache worker for execution history cache (C:\Users\Aleris\.gradle\caches\5.4.1\executionHistory)" [_thread_blocked, id=3160, stack(0x0000000021c30000,0x0000000021d30000)]
  0x000000001b3e0800 JavaThread "Cache worker for cache directory md-rule (C:\Users\Aleris\.gradle\caches\5.4.1\md-rule)" [_thread_blocked, id=10264, stack(0x0000000021b30000,0x0000000021c30000)]
  0x000000001b3e0000 JavaThread "Cache worker for cache directory md-supplier (C:\Users\Aleris\.gradle\caches\5.4.1\md-supplier)" [_thread_blocked, id=17348, stack(0x0000000021600000,0x0000000021700000)]
  0x000000001b3dd800 JavaThread "Cache worker for file hash cache (D:\D particija\SANJA\VII semestar- Sweden\Mobile application DVA232\projekat-cist\FoodReviewProject\.gradle\5.4.1\fileHashes)" [_thread_blocked, id=15608, stack(0x000000001dcc0000,0x000000001ddc0000)]
  0x000000001b3dd000 JavaThread "Cache worker for journal cache (C:\Users\Aleris\.gradle\caches\journal-1)" [_thread_blocked, id=13632, stack(0x000000001d9c0000,0x000000001dac0000)]
  0x000000001b3db800 JavaThread "File lock request listener" [_thread_in_native, id=7224, stack(0x000000001d8c0000,0x000000001d9c0000)]
  0x000000001b56e800 JavaThread "Cache worker for file hash cache (C:\Users\Aleris\.gradle\caches\5.4.1\fileHashes)" [_thread_blocked, id=1136, stack(0x000000001d7c0000,0x000000001d8c0000)]
  0x000000001b2c7800 JavaThread "Thread-9" [_thread_blocked, id=16456, stack(0x000000001c6f0000,0x000000001c7f0000)]
  0x000000001ade2800 JavaThread "Stdin handler" [_thread_blocked, id=14428, stack(0x000000001c5f0000,0x000000001c6f0000)]
  0x000000001b2c1800 JavaThread "Asynchronous log dispatcher for DefaultDaemonConnection: socket connection from /127.0.0.1:55549 to /127.0.0.1:55550" [_thread_blocked, id=7284, stack(0x000000001c4f0000,0x000000001c5f0000)]
  0x000000001ade5800 JavaThread "Daemon worker" [_thread_blocked, id=8932, stack(0x000000001c3f0000,0x000000001c4f0000)]
  0x000000001b3c9800 JavaThread "Cancel handler" [_thread_blocked, id=17328, stack(0x000000001c2f0000,0x000000001c3f0000)]
  0x000000001adc2000 JavaThread "Handler for socket connection from /127.0.0.1:55549 to /127.0.0.1:55550" [_thread_in_native, id=6164, stack(0x000000001bff0000,0x000000001c0f0000)]
  0x000000001adbf800 JavaThread "Daemon" [_thread_blocked, id=1596, stack(0x000000001bef0000,0x000000001bff0000)]
  0x000000001b1d6800 JavaThread "Daemon periodic checks" [_thread_blocked, id=8952, stack(0x000000001bdf0000,0x000000001bef0000)]
  0x000000001b1cd000 JavaThread "Incoming local TCP Connector on port 55549" [_thread_in_native, id=13396, stack(0x000000001bbb0000,0x000000001bcb0000)]
  0x000000001af3f000 JavaThread "Daemon health stats" [_thread_blocked, id=7220, stack(0x000000001b570000,0x000000001b670000)]
  0x0000000018f67800 JavaThread "Service Thread" daemon [_thread_blocked, id=7328, stack(0x0000000019ba0000,0x0000000019ca0000)]
  0x0000000018f05000 JavaThread "C1 CompilerThread3" daemon [_thread_blocked, id=5808, stack(0x0000000019aa0000,0x0000000019ba0000)]
  0x0000000018ed5000 JavaThread "C2 CompilerThread2" daemon [_thread_blocked, id=9896, stack(0x00000000199a0000,0x0000000019aa0000)]
  0x0000000018ecf000 JavaThread "C2 CompilerThread1" daemon [_thread_blocked, id=5956, stack(0x00000000198a0000,0x00000000199a0000)]
  0x0000000018ec8800 JavaThread "C2 CompilerThread0" daemon [_thread_blocked, id=516, stack(0x00000000197a0000,0x00000000198a0000)]
  0x0000000018ec7000 JavaThread "Attach Listener" daemon [_thread_blocked, id=13664, stack(0x00000000196a0000,0x00000000197a0000)]
  0x0000000018ec6000 JavaThread "Signal Dispatcher" daemon [_thread_blocked, id=7200, stack(0x00000000195a0000,0x00000000196a0000)]
  0x0000000017081800 JavaThread "Finalizer" daemon [_thread_blocked, id=12912, stack(0x00000000193a0000,0x00000000194a0000)]
  0x00000000032b7800 JavaThread "Reference Handler" daemon [_thread_blocked, id=5992, stack(0x00000000192a0000,0x00000000193a0000)]
  0x000000000304e800 JavaThread "main" [_thread_blocked, id=13548, stack(0x00000000030c0000,0x00000000031c0000)]

Other Threads:
  0x0000000017077000 VMThread [stack: 0x0000000018da0000,0x0000000018ea0000] [id=9228]
  0x0000000018f72000 WatcherThread [stack: 0x0000000019ca0000,0x0000000019da0000] [id=11956]

=>0x00000000031de000 (exited) GCTaskThread [stack: 0x0000000012f90000,0x0000000013090000] [id=7972]

VM state:at safepoint (normal execution)

VM Mutex/Monitor currently owned by a thread:  ([mutex/lock_event])
[0x000000000304d680] Threads_lock - owner thread: 0x0000000017077000
[0x000000000304c980] Heap_lock - owner thread: 0x000000001ade5800

heap address: 0x00000000a0000000, size: 1536 MB, Compressed Oops mode: 32-bit
Narrow klass base: 0x0000000000000000, Narrow klass shift: 3
Compressed class space size: 1073741824 Address: 0x0000000100000000

Heap:
 PSYoungGen      total 216064K, used 11329K [0x00000000e0000000, 0x00000000eed80000, 0x0000000100000000)
  eden space 194560K, 0% used [0x00000000e0000000,0x00000000e0000000,0x00000000ebe00000)
  from space 21504K, 52% used [0x00000000ed300000,0x00000000ede105a8,0x00000000ee800000)
  to   space 21504K, 0% used [0x00000000ebe00000,0x00000000ebe00000,0x00000000ed300000)
 ParOldGen       total 209920K, used 13153K [0x00000000a0000000, 0x00000000acd00000, 0x00000000e0000000)
  object space 209920K, 6% used [0x00000000a0000000,0x00000000a0cd86b8,0x00000000acd00000)
 Metaspace       used 34633K, capacity 35412K, committed 35456K, reserved 1079296K
  class space    used 4771K, capacity 4962K, committed 4992K, reserved 1048576K

Card table byte_map: [0x0000000012680000,0x0000000012990000] byte_map_base: 0x0000000012180000

Marking Bits: (ParMarkBitMap*) 0x0000000054139f30
 Begin Bits: [0x0000000013390000, 0x0000000014b90000)
 End Bits:   [0x0000000014b90000, 0x0000000016390000)

Polling page: 0x0000000002fd0000

CodeCache: size=245760Kb used=11782Kb max_used=11782Kb free=233977Kb
 bounds [0x00000000032c0000, 0x0000000003e50000, 0x00000000122c0000]
 total_blobs=4062 nmethods=3364 adapters=611
 compilation: enabled

Compilation events (10 events):
Event: 4.926 Thread 0x0000000018f05000 nmethod 3366 0x0000000003e3f650 code [0x0000000003e3f900, 0x0000000003e40d98]
Event: 4.926 Thread 0x0000000018f05000 3368       3       groovy.lang.MetaMethod::equal (38 bytes)
Event: 4.927 Thread 0x0000000018f05000 nmethod 3368 0x0000000003e3f110 code [0x0000000003e3f280, 0x0000000003e3f530]
Event: 4.927 Thread 0x0000000018f05000 3367       3       groovy.lang.MetaClassImpl::findMethod (130 bytes)
Event: 4.928 Thread 0x0000000018f05000 nmethod 3367 0x0000000003e452d0 code [0x0000000003e45540, 0x0000000003e46798]
Event: 4.928 Thread 0x0000000018f05000 3369       3       groovyjarjarasm.asm.SymbolTable::get (13 bytes)
Event: 4.928 Thread 0x0000000018f05000 nmethod 3369 0x0000000003e46e90 code [0x0000000003e46fe0, 0x0000000003e47170]
Event: 4.928 Thread 0x0000000018f05000 3370       3       java.util.ArrayList::<init> (67 bytes)
Event: 4.929 Thread 0x0000000018f05000 nmethod 3370 0x0000000003e47250 code [0x0000000003e47400, 0x0000000003e47938]
Event: 4.930 Thread 0x0000000018f05000 3371       3       java.util.regex.Matcher::appendReplacement (571 bytes)

GC Heap History (10 events):
Event: 2.232 GC heap after
Heap after GC invocations=1 (full 0):
 PSYoungGen      total 153088K, used 11365K [0x00000000e0000000, 0x00000000eaa80000, 0x0000000100000000)
  eden space 131584K, 0% used [0x00000000e0000000,0x00000000e0000000,0x00000000e8080000)
  from space 21504K, 52% used [0x00000000e8080000,0x00000000e8b994a0,0x00000000e9580000)
  to   space 21504K, 0% used [0x00000000e9580000,0x00000000e9580000,0x00000000eaa80000)
 ParOldGen       total 349696K, used 16K [0x00000000a0000000, 0x00000000b5580000, 0x00000000e0000000)
  object space 349696K, 0% used [0x00000000a0000000,0x00000000a0004000,0x00000000b5580000)
 Metaspace       used 13893K, capacity 14256K, committed 14336K, reserved 1060864K
  class space    used 1918K, capacity 2030K, committed 2048K, reserved 1048576K
}
Event: 2.957 GC heap before
{Heap before GC invocations=2 (full 0):
 PSYoungGen      total 153088K, used 94724K [0x00000000e0000000, 0x00000000eaa80000, 0x0000000100000000)
  eden space 131584K, 63% used [0x00000000e0000000,0x00000000e5167d20,0x00000000e8080000)
  from space 21504K, 52% used [0x00000000e8080000,0x00000000e8b994a0,0x00000000e9580000)
  to   space 21504K, 0% used [0x00000000e9580000,0x00000000e9580000,0x00000000eaa80000)
 ParOldGen       total 349696K, used 16K [0x00000000a0000000, 0x00000000b5580000, 0x00000000e0000000)
  object space 349696K, 0% used [0x00000000a0000000,0x00000000a0004000,0x00000000b5580000)
 Metaspace       used 20678K, capacity 21134K, committed 21296K, reserved 1067008K
  class space    used 2952K, capacity 3119K, committed 3200K, reserved 1048576K
Event: 2.970 GC heap after
Heap after GC invocations=2 (full 0):
 PSYoungGen      total 153088K, used 13589K [0x00000000e0000000, 0x00000000f2b00000, 0x0000000100000000)
  eden space 131584K, 0% used [0x00000000e0000000,0x00000000e0000000,0x00000000e8080000)
  from space 21504K, 63% used [0x00000000e9580000,0x00000000ea2c5710,0x00000000eaa80000)
  to   space 21504K, 0% used [0x00000000e8080000,0x00000000e8080000,0x00000000e9580000)
 ParOldGen       total 349696K, used 24K [0x00000000a0000000, 0x00000000b5580000, 0x00000000e0000000)
  object space 349696K, 0% used [0x00000000a0000000,0x00000000a0006000,0x00000000b5580000)
 Metaspace       used 20678K, capacity 21134K, committed 21296K, reserved 1067008K
  class space    used 2952K, capacity 3119K, committed 3200K, reserved 1048576K
}
Event: 2.970 GC heap before
{Heap before GC invocations=3 (full 1):
 PSYoungGen      total 153088K, used 13589K [0x00000000e0000000, 0x00000000f2b00000, 0x0000000100000000)
  eden space 131584K, 0% used [0x00000000e0000000,0x00000000e0000000,0x00000000e8080000)
  from space 21504K, 63% used [0x00000000e9580000,0x00000000ea2c5710,0x00000000eaa80000)
  to   space 21504K, 0% used [0x00000000e8080000,0x00000000e8080000,0x00000000e9580000)
 ParOldGen       total 349696K, used 24K [0x00000000a0000000, 0x00000000b5580000, 0x00000000e0000000)
  object space 349696K, 0% used [0x00000000a0000000,0x00000000a0006000,0x00000000b5580000)
 Metaspace       used 20678K, capacity 21134K, committed 21296K, reserved 1067008K
  class space    used 2952K, capacity 3119K, committed 3200K, reserved 1048576K
Event: 3.001 GC heap after
Heap after GC invocations=3 (full 1):
 PSYoungGen      total 153088K, used 0K [0x00000000e0000000, 0x00000000f2b00000, 0x0000000100000000)
  eden space 131584K, 0% used [0x00000000e0000000,0x00000000e0000000,0x00000000e8080000)
  from space 21504K, 0% used [0x00000000e9580000,0x00000000e9580000,0x00000000eaa80000)
  to   space 21504K, 0% used [0x00000000e8080000,0x00000000e8080000,0x00000000e9580000)
 ParOldGen       total 209920K, used 13137K [0x00000000a0000000, 0x00000000acd00000, 0x00000000e0000000)
  object space 209920K, 6% used [0x00000000a0000000,0x00000000a0cd46b8,0x00000000acd00000)
 Metaspace       used 20678K, capacity 21134K, committed 21296K, reserved 1067008K
  class space    used 2952K, capacity 3119K, committed 3200K, reserved 1048576K
}
Event: 4.382 GC heap before
{Heap before GC invocations=4 (full 1):
 PSYoungGen      total 153088K, used 131584K [0x00000000e0000000, 0x00000000f2b00000, 0x0000000100000000)
  eden space 131584K, 100% used [0x00000000e0000000,0x00000000e8080000,0x00000000e8080000)
  from space 21504K, 0% used [0x00000000e9580000,0x00000000e9580000,0x00000000eaa80000)
  to   space 21504K, 0% used [0x00000000e8080000,0x00000000e8080000,0x00000000e9580000)
 ParOldGen       total 209920K, used 13137K [0x00000000a0000000, 0x00000000acd00000, 0x00000000e0000000)
  object space 209920K, 6% used [0x00000000a0000000,0x00000000a0cd46b8,0x00000000acd00000)
 Metaspace       used 31795K, capacity 32390K, committed 32768K, reserved 1077248K
  class space    used 4374K, capacity 4556K, committed 4608K, reserved 1048576K
Event: 4.392 GC heap after
Heap after GC invocations=4 (full 1):
 PSYoungGen      total 153088K, used 13167K [0x00000000e0000000, 0x00000000ee800000, 0x0000000100000000)
  eden space 131584K, 0% used [0x00000000e0000000,0x00000000e0000000,0x00000000e8080000)
  from space 21504K, 61% used [0x00000000e8080000,0x00000000e8d5bcb8,0x00000000e9580000)
  to   space 21504K, 0% used [0x00000000ed300000,0x00000000ed300000,0x00000000ee800000)
 ParOldGen       total 209920K, used 13145K [0x00000000a0000000, 0x00000000acd00000, 0x00000000e0000000)
  object space 209920K, 6% used [0x00000000a0000000,0x00000000a0cd66b8,0x00000000acd00000)
 Metaspace       used 31795K, capacity 32390K, committed 32768K, reserved 1077248K
  class space    used 4374K, capacity 4556K, committed 4608K, reserved 1048576K
}
Event: 4.934 GC heap before
{Heap before GC invocations=5 (full 1):
 PSYoungGen      total 153088K, used 75504K [0x00000000e0000000, 0x00000000ee800000, 0x0000000100000000)
  eden space 131584K, 47% used [0x00000000e0000000,0x00000000e3ce0650,0x00000000e8080000)
  from space 21504K, 61% used [0x00000000e8080000,0x00000000e8d5bcb8,0x00000000e9580000)
  to   space 21504K, 0% used [0x00000000ed300000,0x00000000ed300000,0x00000000ee800000)
 ParOldGen       total 209920K, used 13145K [0x00000000a0000000, 0x00000000acd00000, 0x00000000e0000000)
  object space 209920K, 6% used [0x00000000a0000000,0x00000000a0cd66b8,0x00000000acd00000)
 Metaspace       used 34633K, capacity 35412K, committed 35456K, reserved 1079296K
  class space    used 4771K, capacity 4962K, committed 4992K, reserved 1048576K
Event: 4.943 GC heap after
Heap after GC invocations=5 (full 1):
 PSYoungGen      total 216064K, used 11329K [0x00000000e0000000, 0x00000000eed80000, 0x0000000100000000)
  eden space 194560K, 0% used [0x00000000e0000000,0x00000000e0000000,0x00000000ebe00000)
  from space 21504K, 52% used [0x00000000ed300000,0x00000000ede105a8,0x00000000ee800000)
  to   space 21504K, 0% used [0x00000000ebe00000,0x00000000ebe00000,0x00000000ed300000)
 ParOldGen       total 209920K, used 13153K [0x00000000a0000000, 0x00000000acd00000, 0x00000000e0000000)
  object space 209920K, 6% used [0x00000000a0000000,0x00000000a0cd86b8,0x00000000acd00000)
 Metaspace       used 34633K, capacity 35412K, committed 35456K, reserved 1079296K
  class space    used 4771K, capacity 4962K, committed 4992K, reserved 1048576K
}
Event: 4.943 GC heap before
{Heap before GC invocations=6 (full 2):
 PSYoungGen      total 216064K, used 11329K [0x00000000e0000000, 0x00000000eed80000, 0x0000000100000000)
  eden space 194560K, 0% used [0x00000000e0000000,0x00000000e0000000,0x00000000ebe00000)
  from space 21504K, 52% used [0x00000000ed300000,0x00000000ede105a8,0x00000000ee800000)
  to   space 21504K, 0% used [0x00000000ebe00000,0x00000000ebe00000,0x00000000ed300000)
 ParOldGen       total 209920K, used 13153K [0x00000000a0000000, 0x00000000acd00000, 0x00000000e0000000)
  object space 209920K, 6% used [0x00000000a0000000,0x00000000a0cd86b8,0x00000000acd00000)
 Metaspace       used 34633K, capacity 35412K, committed 35456K, reserved 1079296K
  class space    used 4771K, capacity 4962K, committed 4992K, reserved 1048576K

Deoptimization events (10 events):
Event: 4.629 Thread 0x000000001ade5800 Uncommon trap: reason=speculate_class_check action=maybe_recompile pc=0x0000000003cf5b68 method=com.google.common.collect.AbstractIndexedListIterator.next()Ljava/lang/Object; @ 27
Event: 4.640 Thread 0x000000001ade5800 Uncommon trap: reason=speculate_class_check action=maybe_recompile pc=0x0000000003cf5b68 method=com.google.common.collect.AbstractIndexedListIterator.next()Ljava/lang/Object; @ 27
Event: 4.640 Thread 0x000000001ade5800 Uncommon trap: reason=speculate_class_check action=maybe_recompile pc=0x0000000003cf5b68 method=com.google.common.collect.AbstractIndexedListIterator.next()Ljava/lang/Object; @ 27
Event: 4.640 Thread 0x000000001ade5800 Uncommon trap: reason=speculate_class_check action=maybe_recompile pc=0x0000000003cf5b68 method=com.google.common.collect.AbstractIndexedListIterator.next()Ljava/lang/Object; @ 27
Event: 4.677 Thread 0x000000001ade5800 Uncommon trap: reason=unstable_if action=reinterpret pc=0x0000000003c8c0c8 method=java.util.concurrent.ConcurrentHashMap.get(Ljava/lang/Object;)Ljava/lang/Object; @ 76
Event: 4.678 Thread 0x000000001ade5800 Uncommon trap: reason=class_check action=maybe_recompile pc=0x00000000037bfce0 method=java.util.concurrent.ConcurrentHashMap.putVal(Ljava/lang/Object;Ljava/lang/Object;Z)Ljava/lang/Object; @ 192
Event: 4.725 Thread 0x000000002139e800 Uncommon trap: reason=unstable_if action=reinterpret pc=0x00000000037bfd54 method=java.util.concurrent.ConcurrentHashMap.addCount(JI)V @ 168
Event: 4.725 Thread 0x00000000213a0000 Uncommon trap: reason=unstable_if action=reinterpret pc=0x000000000374fc94 method=java.util.concurrent.ConcurrentHashMap.addCount(JI)V @ 168
Event: 4.843 Thread 0x000000001ade5800 Uncommon trap: reason=range_check action=make_not_entrant pc=0x0000000003c5b6a4 method=java.lang.String.charAt(I)C @ 27
Event: 4.905 Thread 0x000000001ade5800 Uncommon trap: reason=unstable_if action=reinterpret pc=0x0000000003b8750c method=java.util.WeakHashMap.expungeStaleEntries()V @ 66

Classes redefined (0 events):
No events

Internal exceptions (10 events):
Event: 4.903 Thread 0x000000001ade5800 Exception <a 'java/lang/ClassNotFoundException': org/gradle/api/internal/AbstractTaskBeanInfo> (0x00000000e3797290) thrown at [D:\src\AOSP-openjdk-cygwin\jdk8u\hotspot\src\share\vm\classfile\systemDictionary.cpp, line 210]
Event: 4.904 Thread 0x000000001ade5800 Exception <a 'java/lang/ClassNotFoundException': org/gradle/api/internal/AbstractTaskCustomizer> (0x00000000e37c8000) thrown at [D:\src\AOSP-openjdk-cygwin\jdk8u\hotspot\src\share\vm\classfile\systemDictionary.cpp, line 210]
Event: 4.906 Thread 0x000000001ade5800 Exception <a 'java/lang/ClassNotFoundException': org/gradle/api/DefaultTaskCustomizer> (0x00000000e3852098) thrown at [D:\src\AOSP-openjdk-cygwin\jdk8u\hotspot\src\share\vm\classfile\systemDictionary.cpp, line 210]
Event: 4.907 Thread 0x000000001ade5800 Exception <a 'java/lang/ClassNotFoundException': org/gradle/api/internal/ConventionTaskCustomizer> (0x00000000e3892648) thrown at [D:\src\AOSP-openjdk-cygwin\jdk8u\hotspot\src\share\vm\classfile\systemDictionary.cpp, line 210]
Event: 4.908 Thread 0x000000001ade5800 Exception <a 'java/lang/ClassNotFoundException': org/gradle/api/tasks/DeleteCustomizer> (0x00000000e38cfb88) thrown at [D:\src\AOSP-openjdk-cygwin\jdk8u\hotspot\src\share\vm\classfile\systemDictionary.cpp, line 210]
Event: 4.909 Thread 0x000000001ade5800 Exception <a 'java/lang/ClassNotFoundException': org/gradle/api/tasks/Delete_DecoratedCustomizer> (0x00000000e391a838) thrown at [D:\src\AOSP-openjdk-cygwin\jdk8u\hotspot\src\share\vm\classfile\systemDictionary.cpp, line 210]
Event: 4.925 Thread 0x000000001ade5800 Exception <a 'java/lang/ClassNotFoundException': build_804zirr2yrwrdzj3sdd9cu5qtBeanInfo> (0x00000000e3a0ef30) thrown at [D:\src\AOSP-openjdk-cygwin\jdk8u\hotspot\src\share\vm\classfile\systemDictionary.cpp, line 210]
Event: 4.925 Thread 0x000000001ade5800 Exception <a 'java/lang/ClassNotFoundException': build_804zirr2yrwrdzj3sdd9cu5qtCustomizer> (0x00000000e3a1ab10) thrown at [D:\src\AOSP-openjdk-cygwin\jdk8u\hotspot\src\share\vm\classfile\systemDictionary.cpp, line 210]
Event: 4.929 Thread 0x000000001ade5800 Exception <a 'java/lang/ClassNotFoundException': org/gradle/api/internal/plugins/DefaultObjectConfigurationActionBeanInfo> (0x00000000e3a8c790) thrown at [D:\src\AOSP-openjdk-cygwin\jdk8u\hotspot\src\share\vm\classfile\systemDictionary.cpp, line 210]
Event: 4.930 Thread 0x000000001ade5800 Exception <a 'java/lang/ClassNotFoundException': org/gradle/api/internal/plugins/DefaultObjectConfigurationActionCustomizer> (0x00000000e3acc690) thrown at [D:\src\AOSP-openjdk-cygwin\jdk8u\hotspot\src\share\vm\classfile\systemDictionary.cpp, line 210]

Events (10 events):
Event: 4.930 loading class org/gradle/api/internal/plugins/DefaultObjectConfigurationActionCustomizer done
Event: 4.930 loading class org/gradle/api/internal/plugins/DefaultObjectConfigurationAction$3
Event: 4.930 loading class org/gradle/api/internal/plugins/DefaultObjectConfigurationAction$3 done
Event: 4.932 loading class com/android/build/gradle/AppPlugin
Event: 4.932 loading class com/android/build/gradle/AppPlugin done
Event: 4.933 loading class com/android/build/gradle/AbstractAppPlugin
Event: 4.933 loading class com/android/build/gradle/AbstractAppPlugin done
Event: 4.933 loading class com/android/build/gradle/BasePlugin
Event: 4.933 loading class com/android/build/gradle/BasePlugin done
Event: 4.934 Executing VM operation: CollectForMetadataAllocation


Dynamic libraries:
0x00007ff7d3970000 - 0x00007ff7d39a1000 	C:\Program Files\Android\Android Studio\jre\bin\java.exe
0x00007ff9f4fc0000 - 0x00007ff9f51b0000 	C:\WINDOWS\SYSTEM32\ntdll.dll
0x00007ff9f30f0000 - 0x00007ff9f31a2000 	C:\WINDOWS\System32\KERNEL32.DLL
0x00007ff9f20d0000 - 0x00007ff9f2373000 	C:\WINDOWS\System32\KERNELBASE.dll
0x00007ff9f3e30000 - 0x00007ff9f3ed3000 	C:\WINDOWS\System32\ADVAPI32.dll
0x00007ff9f3d80000 - 0x00007ff9f3e1e000 	C:\WINDOWS\System32\msvcrt.dll
0x00007ff9f43a0000 - 0x00007ff9f4437000 	C:\WINDOWS\System32\sechost.dll
0x00007ff9f4200000 - 0x00007ff9f4320000 	C:\WINDOWS\System32\RPCRT4.dll
0x00007ff9f3ee0000 - 0x00007ff9f4074000 	C:\WINDOWS\System32\USER32.dll
0x00007ff9f2ff0000 - 0x00007ff9f3011000 	C:\WINDOWS\System32\win32u.dll
0x00007ff9f41d0000 - 0x00007ff9f41f6000 	C:\WINDOWS\System32\GDI32.dll
0x00007ff9f2e50000 - 0x00007ff9f2fe4000 	C:\WINDOWS\System32\gdi32full.dll
0x00007ff9f2030000 - 0x00007ff9f20ce000 	C:\WINDOWS\System32\msvcp_win.dll
0x00007ff9f2400000 - 0x00007ff9f24fa000 	C:\WINDOWS\System32\ucrtbase.dll
0x00007ff9f1370000 - 0x00007ff9f15f5000 	C:\WINDOWS\WinSxS\amd64_microsoft.windows.common-controls_6595b64144ccf1df_6.0.18362.535_none_e6c3b34713100821\COMCTL32.dll
0x00007ff9f4c40000 - 0x00007ff9f4f76000 	C:\WINDOWS\System32\combase.dll
0x00007ff9f2650000 - 0x00007ff9f26d0000 	C:\WINDOWS\System32\bcryptPrimitives.dll
0x00007ff9f3d50000 - 0x00007ff9f3d7e000 	C:\WINDOWS\System32\IMM32.DLL
0x0000000053890000 - 0x0000000053962000 	C:\Program Files\Android\Android Studio\jre\jre\bin\msvcr100.dll
0x0000000053970000 - 0x00000000541b6000 	C:\Program Files\Android\Android Studio\jre\jre\bin\server\jvm.dll
0x00007ff9f41c0000 - 0x00007ff9f41c8000 	C:\WINDOWS\System32\PSAPI.DLL
0x00007ff9dbc10000 - 0x00007ff9dbc19000 	C:\WINDOWS\SYSTEM32\WSOCK32.dll
0x00007ff9e8480000 - 0x00007ff9e84a4000 	C:\WINDOWS\SYSTEM32\WINMM.dll
0x00007ff9f4080000 - 0x00007ff9f40ef000 	C:\WINDOWS\System32\WS2_32.dll
0x00007ff9ebc90000 - 0x00007ff9ebc9a000 	C:\WINDOWS\SYSTEM32\VERSION.dll
0x00007ff9e8230000 - 0x00007ff9e825d000 	C:\WINDOWS\SYSTEM32\winmmbase.dll
0x00007ff9f3020000 - 0x00007ff9f306a000 	C:\WINDOWS\System32\cfgmgr32.dll
0x00007ff9ea310000 - 0x00007ff9ea31f000 	C:\Program Files\Android\Android Studio\jre\jre\bin\verify.dll
0x00007ff9dc390000 - 0x00007ff9dc3b9000 	C:\Program Files\Android\Android Studio\jre\jre\bin\java.dll
0x00007ff9e8f10000 - 0x00007ff9e8f26000 	C:\Program Files\Android\Android Studio\jre\jre\bin\zip.dll
0x00007ff9f3210000 - 0x00007ff9f38f5000 	C:\WINDOWS\System32\SHELL32.dll
0x00007ff9f3ca0000 - 0x00007ff9f3d49000 	C:\WINDOWS\System32\shcore.dll
0x00007ff9f26d0000 - 0x00007ff9f2e4f000 	C:\WINDOWS\System32\windows.storage.dll
0x00007ff9f1ee0000 - 0x00007ff9f1eff000 	C:\WINDOWS\System32\profapi.dll
0x00007ff9f1f00000 - 0x00007ff9f1f4a000 	C:\WINDOWS\System32\powrprof.dll
0x00007ff9f1e90000 - 0x00007ff9f1ea0000 	C:\WINDOWS\System32\UMPDC.dll
0x00007ff9f31b0000 - 0x00007ff9f3202000 	C:\WINDOWS\System32\shlwapi.dll
0x00007ff9f1ec0000 - 0x00007ff9f1ed1000 	C:\WINDOWS\System32\kernel.appcore.dll
0x00007ff9f23e0000 - 0x00007ff9f23f7000 	C:\WINDOWS\System32\cryptsp.dll
0x00007ff9e8980000 - 0x00007ff9e899a000 	C:\Program Files\Android\Android Studio\jre\jre\bin\net.dll
0x00007ff9f1080000 - 0x00007ff9f10e7000 	C:\WINDOWS\system32\mswsock.dll
0x00007ff9e1ca0000 - 0x00007ff9e1cb1000 	C:\Program Files\Android\Android Studio\jre\jre\bin\nio.dll
0x00007ff9cc4f0000 - 0x00007ff9cc516000 	C:\Users\Aleris\.gradle\native\29\windows-amd64\native-platform.dll
0x00007ff9e9660000 - 0x00007ff9e966d000 	C:\Program Files\Android\Android Studio\jre\jre\bin\management.dll
0x00007ff9f0bf0000 - 0x00007ff9f0c23000 	C:\WINDOWS\system32\rsaenh.dll
0x00007ff9f1f50000 - 0x00007ff9f1f76000 	C:\WINDOWS\System32\bcrypt.dll
0x00007ff9f1db0000 - 0x00007ff9f1dd5000 	C:\WINDOWS\SYSTEM32\USERENV.dll
0x00007ff9f1250000 - 0x00007ff9f125c000 	C:\WINDOWS\SYSTEM32\CRYPTBASE.dll
0x00007ff9f0d90000 - 0x00007ff9f0dca000 	C:\WINDOWS\SYSTEM32\IPHLPAPI.DLL
0x00007ff9f3bc0000 - 0x00007ff9f3bc8000 	C:\WINDOWS\System32\NSI.dll
0x00007ff9e6040000 - 0x00007ff9e6056000 	C:\WINDOWS\SYSTEM32\dhcpcsvc6.DLL
0x00007ff9e5f50000 - 0x00007ff9e5f6c000 	C:\WINDOWS\SYSTEM32\dhcpcsvc.DLL
0x00007ff9f0dd0000 - 0x00007ff9f0e9a000 	C:\WINDOWS\SYSTEM32\DNSAPI.dll
0x00007ff9f19b0000 - 0x00007ff9f1ba4000 	C:\WINDOWS\SYSTEM32\dbghelp.dll

VM Arguments:
jvm_args: -Xmx1536m -Dfile.encoding=windows-1252 -Duser.country=US -Duser.language=en -Duser.variant 
java_command: org.gradle.launcher.daemon.bootstrap.GradleDaemon 5.4.1
java_class_path (initial): C:\Users\Aleris\.gradle\wrapper\dists\gradle-5.4.1-all\3221gyojl5jsh0helicew7rwx\gradle-5.4.1\lib\gradle-launcher-5.4.1.jar
Launcher Type: SUN_STANDARD

Environment Variables:
JAVA_HOME=C:\Program Files\Android\Android Studio\jre\jre\bin\server\jvm.dll
PATH=C:\Program Files\Microsoft MPI\Bin\;C:\Program Files (x86)\Common Files\Oracle\Java\javapath;C:\WINDOWS\system32;C:\WINDOWS;C:\WINDOWS\System32\Wbem;C:\WINDOWS\System32\WindowsPowerShell\v1.0\;C:\Program Files\dotnet\;C:\Program Files\Microsoft SQL Server\130\Tools\Binn\;C:\MinGW\bin;C:\WINDOWS\System32\OpenSSH\;C:\Program Files\Microsoft SQL Server\Client SDK\ODBC\170\Tools\Binn\;C:\Program Files\Git\cmd;C:\Users\Aleris\AppData\Local\Microsoft\WindowsApps;;C:\Users\Aleris\AppData\Local\Programs\Microsoft VS Code\bin
USERNAME=Aleris
OS=Windows_NT
PROCESSOR_IDENTIFIER=Intel64 Family 6 Model 94 Stepping 3, GenuineIntel



---------------  S Y S T E M  ---------------

OS: Windows 10.0 , 64 bit Build 18362 (10.0.18362.329)

CPU:total 8 (initial active 8) (4 cores per cpu, 2 threads per core) family 6 model 94 stepping 3, cmov, cx8, fxsr, mmx, sse, sse2, sse3, ssse3, sse4.1, sse4.2, popcnt, avx, avx2, aes, clmul, erms, rtm, 3dnowpref, lzcnt, ht, tsc, tscinvbit, bmi1, bmi2, adx

Memory: 4k page, physical 33473116k(21795780k free), swap 38453852k(24203828k free)

vm_info: OpenJDK 64-Bit Server VM (25.202-b03) for windows-amd64 JRE (1.8.0_202-release-1483-b03), built by "builder" with MS VC++ 10.0 (VS2010)

time: Sun Dec 29 15:46:53 2019
timezone: Central Europe Standard Time
elapsed time: 4 seconds (0d 0h 0m 4s)

